<?xml version="1.0" encoding="UTF-8"?>
<beans xmlns="http://www.springframework.org/schema/beans"
	xmlns:xsi="http://www.w3.org/2001/XMLSchema-instance"
	xsi:schemaLocation="http://www.springframework.org/schema/beans http://www.springframework.org/schema/beans/spring-beans.xsd">

	<bean id="homeController" class="com.biz.book.controller.HomeController" />
	<bean id="bookController" class="com.biz.book.controller.BookController" />
	<bean id="userController" class="com.biz.book.controller.UserController" />
	<bean id="rentController" class="com.biz.book.controller.RentController" />
	
	
</beans>
